GET /img HTTP/1.1
Host: localhost:8080
Accept: */*
Accept-Encoding: gzip, deflate, br
Connection: keep-alive
Postman-Token: 48c100fc-35ba-43bb-8c6c-341846460745
User-Agent: PostmanRuntime/7.29.0


GET /ping HTTP/1.1
Host: localhost:8080
Accept: */*
User-Agent: curl/7.77.0


GET /img HTTP/1.1
Host: localhost:8080
Accept: */*
User-Agent: curl/7.77.0


GET /img HTTP/1.1
Host: localhost:8080
Accept: */*
Accept-Encoding: gzip, deflate, br
Connection: keep-alive
Postman-Token: 978c9cf9-fd20-4949-b723-81ecbba308bc
User-Agent: PostmanRuntime/7.29.0


GET /img HTTP/1.1
Host: localhost:8080
Accept: */*
Accept-Encoding: gzip, deflate, br
Connection: keep-alive
Postman-Token: 0168b3eb-d081-41cf-bdb2-b2ca22b9b38e
User-Agent: PostmanRuntime/7.29.0


GET /img HTTP/1.1
Host: localhost:8080
Accept: */*
Accept-Encoding: gzip, deflate, br
Connection: keep-alive
Postman-Token: 0fb99b30-052b-4698-abca-e766f31b5b1f
User-Agent: PostmanRuntime/7.29.0


GET /img HTTP/1.1
Host: localhost:8080
Accept: */*
Accept-Encoding: gzip, deflate, br
Connection: keep-alive
Postman-Token: 6963b2b9-9f67-4297-b015-274c8d8f4618
User-Agent: PostmanRuntime/7.29.0


GET /img HTTP/1.1
Host: localhost:8080
Accept: */*
Accept-Encoding: gzip, deflate, br
Connection: keep-alive
Postman-Token: 40150e63-0a21-4230-a90d-c56c716794e6
User-Agent: PostmanRuntime/7.29.0


GET /img HTTP/1.1
Host: localhost:8080
Accept: */*
Accept-Encoding: gzip, deflate, br
Connection: keep-alive
Postman-Token: f3601353-63ad-4b59-ace9-50d91bfc2fc8
User-Agent: PostmanRuntime/7.29.0


GET /img HTTP/1.1
Host: localhost:8080
Accept: */*
Accept-Encoding: gzip, deflate, br
Connection: keep-alive
Postman-Token: f95b2929-c07e-469b-a5a2-50b9f29dd2f7
User-Agent: PostmanRuntime/7.29.0


GET /img HTTP/1.1
Host: localhost:8080
Accept: */*
Accept-Encoding: gzip, deflate, br
Connection: keep-alive
Postman-Token: efb82cb5-46ae-4356-9a53-8a5f7f17d4ce
User-Agent: PostmanRuntime/7.29.0


GET /img HTTP/1.1
Host: localhost:8080
Accept: */*
Accept-Encoding: gzip, deflate, br
Connection: keep-alive
Postman-Token: 2a83788c-82a8-40de-83d1-a4e8394611c2
User-Agent: PostmanRuntime/7.29.0


GET /img HTTP/1.1
Host: localhost:8080
Accept: */*
Accept-Encoding: gzip, deflate, br
Connection: keep-alive
Postman-Token: 01ecafbf-759c-41f9-9bfb-15d21f2bc1e7
User-Agent: PostmanRuntime/7.29.0


GET /img HTTP/1.1
Host: localhost:8080
Accept: */*
Accept-Encoding: gzip, deflate, br
Connection: keep-alive
Postman-Token: 66f3df0d-38e4-4eed-8402-cdb4fcaa096a
User-Agent: PostmanRuntime/7.29.0


GET /img HTTP/1.1
Host: localhost:8080
Accept: */*
Accept-Encoding: gzip, deflate, br
Connection: keep-alive
Postman-Token: c800d428-4efc-499a-bcd1-358c6ec22ec6
User-Agent: PostmanRuntime/7.29.0


GET /img HTTP/1.1
Host: localhost:8080
Accept: */*
Accept-Encoding: gzip, deflate, br
Connection: keep-alive
Postman-Token: afff8bef-7a1b-4701-a0e2-d88ee3487ff2
User-Agent: PostmanRuntime/7.29.0


GET /img HTTP/1.1
Host: localhost:8080
Accept: */*
Accept-Encoding: gzip, deflate, br
Connection: keep-alive
Postman-Token: 12ed1886-3b57-4c5b-b2cb-8b772890b985
User-Agent: PostmanRuntime/7.29.0


GET /img HTTP/1.1
Host: localhost:8080
Accept: */*
Accept-Encoding: gzip, deflate, br
Connection: keep-alive
Postman-Token: 0f612f18-af1a-4749-886d-90d7374b69b4
User-Agent: PostmanRuntime/7.29.0


GET /img HTTP/1.1
Host: localhost:8080
Accept: */*
Accept-Encoding: gzip, deflate, br
Connection: keep-alive
Postman-Token: 3ae8a88c-a051-42cf-9537-b232465efb58
User-Agent: PostmanRuntime/7.29.0


